==== Running Neofetch ===
Cloning Neofetch repository...
Cloning into 'neofetch'...
Clone successful.
[?25l[?7l[0m[34m[1m..............
            ..,;:ccc,.
          ......''';lxO.
.....''''..........,:ld;
           .';;;:::;,,.x,
      ..'''.            0Xxoc:,.  ...
  ....                ,ONkc;,;cokOdc',.
 .                   OMo           ':[38;5;8m[1mdd[0m[34m[1mo.
                    dMc               :OO;
                    0M.                 .:o.
                    ;Wd
                     ;XO,
                       ,d0Odlc;,..
                           ..',;:cdOOd::,.
                                    .:d;.':;.
                                       'd,  .'
                                         ;l   ..
                                          .o
                                            c
                                            .'
                                             .[0m
[21A[9999999D[51C[0m[1m[34m[1mamar[0m@[34m[1mkali[0m 
[51C[0m---------[0m 
[51C[0m[1mOS[0m[0m:[0m Kali GNU/Linux Rolling x86_64[0m 
[51C[0m[1mHost[0m[0m:[0m ASUSTeK COMPUTER INC. E1504FA[0m 
[51C[0m[1mKernel[0m[0m:[0m 6.12.33+kali-amd64[0m 
[51C[0m[1mUptime[0m[0m:[0m 22 mins[0m 
[51C[0m[1mPackages[0m[0m:[0m 3256 (dpkg)[0m 
[51C[0m[1mShell[0m[0m:[0m zsh 5.9[0m 
[51C[0m[1mResolution[0m[0m:[0m 1920x1080[0m 
[51C[0m[1mDE[0m[0m:[0m GNOME 48.3[0m 
[51C[0m[1mWM[0m[0m:[0m Mutter[0m 
[51C[0m[1mWM Theme[0m[0m:[0m Kali-Dark[0m 
[51C[0m[1mTheme[0m[0m:[0m adw-gtk3-red-dark [GTK2/3][0m 
[51C[0m[1mIcons[0m[0m:[0m Flat-Remix-Red-Dark [GTK2/3][0m 
[51C[0m[1mTerminal[0m[0m:[0m gnome-terminal[0m 
[51C[0m[1mCPU[0m[0m:[0m AMD Ryzen 5 7520U with Radeon Graphics (8) @ 4.384GHz[0m 
[51C[0m[1mGPU[0m[0m:[0m AMD ATI Mendocino[0m 
[51C[0m[1mMemory[0m[0m:[0m 3082MiB / 15270MiB[0m 

[51C[30m[40m   [31m[41m   [32m[42m   [33m[43m   [34m[44m   [35m[45m   [36m[46m   [37m[47m   [m
[51C[38;5;8m[48;5;8m   [38;5;9m[48;5;9m   [38;5;10m[48;5;10m   [38;5;11m[48;5;11m   [38;5;12m[48;5;12m   [38;5;13m[48;5;13m   [38;5;14m[48;5;14m   [38;5;15m[48;5;15m   [m

[?25h[?7h 
==== Running Neofetch ====
Neofetch repo already exists. Skipping clone.
[?25l[?7l[0m[34m[1m..............
            ..,;:ccc,.
          ......''';lxO.
.....''''..........,:ld;
           .';;;:::;,,.x,
      ..'''.            0Xxoc:,.  ...
  ....                ,ONkc;,;cokOdc',.
 .                   OMo           ':[38;5;8m[1mdd[0m[34m[1mo.
                    dMc               :OO;
                    0M.                 .:o.
                    ;Wd
                     ;XO,
                       ,d0Odlc;,..
                           ..',;:cdOOd::,.
                                    .:d;.':;.
                                       'd,  .'
                                         ;l   ..
                                          .o
                                            c
                                            .'
                                             .[0m
[21A[9999999D[51C[0m[1m[34m[1mamar[0m@[34m[1mkali[0m 
[51C[0m---------[0m 
[51C[0m[1mOS[0m[0m:[0m Kali GNU/Linux Rolling x86_64[0m 
[51C[0m[1mHost[0m[0m:[0m ASUSTeK COMPUTER INC. E1504FA[0m 
[51C[0m[1mKernel[0m[0m:[0m 6.12.33+kali-amd64[0m 
[51C[0m[1mUptime[0m[0m:[0m 28 mins[0m 
[51C[0m[1mPackages[0m[0m:[0m 3256 (dpkg)[0m 
[51C[0m[1mShell[0m[0m:[0m zsh 5.9[0m 
[51C[0m[1mResolution[0m[0m:[0m 1920x1080[0m 
[51C[0m[1mDE[0m[0m:[0m GNOME 48.3[0m 
[51C[0m[1mWM[0m[0m:[0m Mutter[0m 
[51C[0m[1mWM Theme[0m[0m:[0m Kali-Dark[0m 
[51C[0m[1mTheme[0m[0m:[0m adw-gtk3-red-dark [GTK2/3][0m 
[51C[0m[1mIcons[0m[0m:[0m Flat-Remix-Red-Dark [GTK2/3][0m 
[51C[0m[1mTerminal[0m[0m:[0m gnome-terminal[0m 
[51C[0m[1mCPU[0m[0m:[0m AMD Ryzen 5 7520U with Radeon Graphics (8) @ 4.384GHz[0m 
[51C[0m[1mGPU[0m[0m:[0m AMD ATI Mendocino[0m 
[51C[0m[1mMemory[0m[0m:[0m 3114MiB / 15270MiB[0m 

[51C[30m[40m   [31m[41m   [32m[42m   [33m[43m   [34m[44m   [35m[45m   [36m[46m   [37m[47m   [m
[51C[38;5;8m[48;5;8m   [38;5;9m[48;5;9m   [38;5;10m[48;5;10m   [38;5;11m[48;5;11m   [38;5;12m[48;5;12m   [38;5;13m[48;5;13m   [38;5;14m[48;5;14m   [38;5;15m[48;5;15m   [m

[?25h[?7h 

====Memory Usage====
               total        used        free      shared  buff/cache   available
Mem:            14Gi       3.0Gi        11Gi        17Mi       1.1Gi        11Gi
Swap:           12Gi          0B        12Gi
==== Running Neofetch ====
Cloning Neofetch repository...
Cloning into 'neofetch'...
Clone successful.
[?25l[?7l[0m[34m[1m..............
            ..,;:ccc,.
          ......''';lxO.
.....''''..........,:ld;
           .';;;:::;,,.x,
      ..'''.            0Xxoc:,.  ...
  ....                ,ONkc;,;cokOdc',.
 .                   OMo           ':[38;5;8m[1mdd[0m[34m[1mo.
                    dMc               :OO;
                    0M.                 .:o.
                    ;Wd
                     ;XO,
                       ,d0Odlc;,..
                           ..',;:cdOOd::,.
                                    .:d;.':;.
                                       'd,  .'
                                         ;l   ..
                                          .o
                                            c
                                            .'
                                             .[0m
[21A[9999999D[51C[0m[1m[34m[1mamar[0m@[34m[1mkali[0m 
[51C[0m---------[0m 
[51C[0m[1mOS[0m[0m:[0m Kali GNU/Linux Rolling x86_64[0m 
[51C[0m[1mHost[0m[0m:[0m ASUSTeK COMPUTER INC. E1504FA[0m 
[51C[0m[1mKernel[0m[0m:[0m 6.12.38+kali-amd64[0m 
[51C[0m[1mUptime[0m[0m:[0m 3 hours, 21 mins[0m 
[51C[0m[1mPackages[0m[0m:[0m 3438 (dpkg)[0m 
[51C[0m[1mShell[0m[0m:[0m zsh 5.9[0m 
[51C[0m[1mResolution[0m[0m:[0m 1920x1080[0m 
[51C[0m[1mDE[0m[0m:[0m GNOME 48.4[0m 
[51C[0m[1mWM[0m[0m:[0m Mutter[0m 
[51C[0m[1mWM Theme[0m[0m:[0m Kali-Dark[0m 
[51C[0m[1mTheme[0m[0m:[0m adw-gtk3-red-dark [GTK2/3][0m 
[51C[0m[1mIcons[0m[0m:[0m Flat-Remix-Red-Dark [GTK2/3][0m 
[51C[0m[1mTerminal[0m[0m:[0m gnome-terminal[0m 
[51C[0m[1mCPU[0m[0m:[0m AMD Ryzen 5 7520U with Radeon Graphics (8) @ 4.384GHz[0m 
[51C[0m[1mGPU[0m[0m:[0m AMD ATI Mendocino[0m 
[51C[0m[1mMemory[0m[0m:[0m 5175MiB / 15270MiB[0m 

[51C[30m[40m   [31m[41m   [32m[42m   [33m[43m   [34m[44m   [35m[45m   [36m[46m   [37m[47m   [m
[51C[38;5;8m[48;5;8m   [38;5;9m[48;5;9m   [38;5;10m[48;5;10m   [38;5;11m[48;5;11m   [38;5;12m[48;5;12m   [38;5;13m[48;5;13m   [38;5;14m[48;5;14m   [38;5;15m[48;5;15m   [m

[?25h[?7h 

====Memory Usage====
               total        used        free      shared  buff/cache   available
Mem:            14Gi       5.1Gi       8.0Gi        47Mi       2.3Gi       9.9Gi
Swap:           12Gi          0B        12Gi
